2020-12-19 22:45:05,468  test_Homepage  INFO: Get the first nameBasava
2020-12-19 22:45:05,816  test_Homepage  INFO: To know the GenderMale
2020-12-19 22:45:06,338  test_Homepage  INFO: Get the first nameJadeyappa
2020-12-19 22:45:06,338  test_Homepage  INFO: Get the first nameJadeyappa
2020-12-19 22:45:06,697  test_Homepage  INFO: To know the GenderMale
2020-12-19 22:45:06,697  test_Homepage  INFO: To know the GenderMale
2020-12-19 22:45:14,171  test_e2e  INFO: Get all the product details
2020-12-19 22:45:14,212  test_e2e  INFO: iphone X
2020-12-19 22:45:14,230  test_e2e  INFO: Samsung Note 8
2020-12-19 22:45:14,233  test_e2e  INFO: Nokia Edge
2020-12-19 22:45:14,248  test_e2e  INFO: Blackberry
2020-12-19 22:45:14,248  test_e2e  INFO:  Print the product information
2020-12-19 22:45:14,659  test_e2e  INFO: get the country details
2020-12-19 23:02:27,042  test_Homepage  INFO: Get the first nameBasava
2020-12-19 23:02:27,403  test_Homepage  INFO: To know the GenderMale
2020-12-19 23:02:28,119  test_Homepage  INFO: Get the first nameJadeyappa
2020-12-19 23:02:28,119  test_Homepage  INFO: Get the first nameJadeyappa
2020-12-19 23:02:28,371  test_Homepage  INFO: To know the GenderMale
2020-12-19 23:02:28,371  test_Homepage  INFO: To know the GenderMale
2020-12-19 23:02:35,986  test_e2e  INFO: Get all the product details
2020-12-19 23:02:36,018  test_e2e  INFO: iphone X
2020-12-19 23:02:36,032  test_e2e  INFO: Samsung Note 8
2020-12-19 23:02:36,046  test_e2e  INFO: Nokia Edge
2020-12-19 23:02:36,046  test_e2e  INFO: Blackberry
2020-12-19 23:02:36,046  test_e2e  INFO:  Print the product information
2020-12-19 23:02:36,361  test_e2e  INFO: get the country details
2020-12-19 23:06:13,736  test_Homepage  INFO: Get the first nameBasava
2020-12-19 23:06:14,080  test_Homepage  INFO: To know the GenderMale
2020-12-19 23:06:14,590  test_Homepage  INFO: Get the first nameJadeyappa
2020-12-19 23:06:14,590  test_Homepage  INFO: Get the first nameJadeyappa
2020-12-19 23:06:14,907  test_Homepage  INFO: To know the GenderMale
2020-12-19 23:06:14,907  test_Homepage  INFO: To know the GenderMale
2020-12-19 23:06:22,088  test_e2e  INFO: Get all the product details
2020-12-19 23:06:22,110  test_e2e  INFO: iphone X
2020-12-19 23:06:22,134  test_e2e  INFO: Samsung Note 8
2020-12-19 23:06:22,147  test_e2e  INFO: Nokia Edge
2020-12-19 23:06:22,158  test_e2e  INFO: Blackberry
2020-12-19 23:06:22,158  test_e2e  INFO:  Print the product information
2020-12-19 23:06:22,437  test_e2e  INFO: get the country details
2020-12-19 23:09:01,426  test_Homepage  INFO: Get the first nameBasava
2020-12-19 23:09:01,783  test_Homepage  INFO: To know the GenderMale
2020-12-19 23:09:02,056  test_Homepage  INFO: Get the first nameJadeyappa
2020-12-19 23:09:02,056  test_Homepage  INFO: Get the first nameJadeyappa
2020-12-19 23:09:02,536  test_Homepage  INFO: To know the GenderMale
2020-12-19 23:09:02,536  test_Homepage  INFO: To know the GenderMale
2020-12-19 23:09:09,805  test_e2e  INFO: Get all the product details
2020-12-19 23:09:09,848  test_e2e  INFO: iphone X
2020-12-19 23:09:09,862  test_e2e  INFO: Samsung Note 8
2020-12-19 23:09:09,875  test_e2e  INFO: Nokia Edge
2020-12-19 23:09:09,878  test_e2e  INFO: Blackberry
2020-12-19 23:09:09,878  test_e2e  INFO:  Print the product information
2020-12-19 23:09:10,178  test_e2e  INFO: get the country details
2020-12-19 23:10:37,124  test_Homepage  INFO: Get the first nameBasava
2020-12-19 23:10:37,439  test_Homepage  INFO: To know the GenderMale
2020-12-19 23:10:37,828  test_Homepage  INFO: Get the first nameJadeyappa
2020-12-19 23:10:37,828  test_Homepage  INFO: Get the first nameJadeyappa
2020-12-19 23:10:38,108  test_Homepage  INFO: To know the GenderMale
2020-12-19 23:10:38,108  test_Homepage  INFO: To know the GenderMale
2020-12-19 23:10:45,204  test_e2e  INFO: Get all the product details
2020-12-19 23:10:45,235  test_e2e  INFO: iphone X
2020-12-19 23:10:45,235  test_e2e  INFO: Samsung Note 8
2020-12-19 23:10:45,262  test_e2e  INFO: Nokia Edge
2020-12-19 23:10:45,262  test_e2e  INFO: Blackberry
2020-12-19 23:10:45,262  test_e2e  INFO:  Print the product information
2020-12-19 23:10:45,568  test_e2e  INFO: get the country details
